Sun Aug 05 2018 19:25:09 GMT+0200 (GMT+02:00) : GET  /about
Sun Aug 05 2018 19:44:34 GMT+0200 (GMT+02:00) : GET  /about
Sun Aug 05 2018 22:06:19 GMT+0200 (GMT+02:00) : GET  /about
Wed Aug 08 2018 01:15:14 GMT+0200 (GMT+02:00) : GET  /
Wed Aug 08 2018 01:15:14 GMT+0200 (GMT+02:00) : GET  /
Wed Aug 08 2018 01:16:08 GMT+0200 (GMT+02:00) : GET  /
Wed Aug 08 2018 01:16:09 GMT+0200 (GMT+02:00) : GET  /
Wed Aug 08 2018 01:17:05 GMT+0200 (GMT+02:00) : GET  /
Wed Aug 08 2018 01:17:06 GMT+0200 (GMT+02:00) : GET  /
Wed Aug 08 2018 01:18:12 GMT+0200 (GMT+02:00) : GET  /
Wed Aug 08 2018 01:18:12 GMT+0200 (GMT+02:00) : GET  /
Wed Aug 08 2018 01:18:46 GMT+0200 (GMT+02:00) : GET  /fortest
Wed Aug 08 2018 01:18:46 GMT+0200 (GMT+02:00) : GET  /fortest
Wed Aug 08 2018 01:19:05 GMT+0200 (GMT+02:00) : GET  /fortest
Wed Aug 08 2018 01:19:06 GMT+0200 (GMT+02:00) : GET  /fortest
Wed Aug 08 2018 01:19:19 GMT+0200 (GMT+02:00) : GET  /fortest
Wed Aug 08 2018 01:19:19 GMT+0200 (GMT+02:00) : GET  /fortest
Wed Aug 08 2018 01:19:51 GMT+0200 (GMT+02:00) : GET  /fortest
Wed Aug 08 2018 01:19:51 GMT+0200 (GMT+02:00) : GET  /fortest
Wed Aug 08 2018 01:20:12 GMT+0200 (GMT+02:00) : GET  /fortest
Wed Aug 08 2018 01:20:13 GMT+0200 (GMT+02:00) : GET  /fortest
Wed Aug 08 2018 01:20:33 GMT+0200 (GMT+02:00) : GET  /fortest
Wed Aug 08 2018 01:20:34 GMT+0200 (GMT+02:00) : GET  /fortest
Wed Aug 08 2018 01:21:24 GMT+0200 (GMT+02:00) : GET  /fortest
Wed Aug 08 2018 01:21:25 GMT+0200 (GMT+02:00) : GET  /fortest
Wed Aug 08 2018 01:22:45 GMT+0200 (GMT+02:00) : GET  /fortest
Wed Aug 08 2018 01:22:45 GMT+0200 (GMT+02:00) : GET  /fortest
Wed Aug 08 2018 01:22:59 GMT+0200 (GMT+02:00) : GET  /fortest
Wed Aug 08 2018 01:22:59 GMT+0200 (GMT+02:00) : GET  /fortest
Wed Aug 08 2018 01:23:25 GMT+0200 (GMT+02:00) : GET  /fortest
Wed Aug 08 2018 01:23:25 GMT+0200 (GMT+02:00) : GET  /fortest
Wed Aug 08 2018 01:24:12 GMT+0200 (GMT+02:00) : GET  /fortest
Wed Aug 08 2018 01:24:13 GMT+0200 (GMT+02:00) : GET  /fortest
Wed Aug 08 2018 01:27:22 GMT+0200 (GMT+02:00) : GET  /fortest
Wed Aug 08 2018 01:27:23 GMT+0200 (GMT+02:00) : GET  /fortest
Wed Aug 08 2018 01:27:48 GMT+0200 (GMT+02:00) : GET  /fortest
Wed Aug 08 2018 01:27:48 GMT+0200 (GMT+02:00) : GET  /fortest
Wed Aug 08 2018 01:28:03 GMT+0200 (GMT+02:00) : GET  /fortest
Wed Aug 08 2018 01:28:03 GMT+0200 (GMT+02:00) : GET  /fortest
Thu Aug 09 2018 01:34:58 GMT+0200 (GMT+02:00) : GET  /fortest
Thu Aug 09 2018 01:49:09 GMT+0200 (GMT+02:00) : GET  /fortest
Thu Aug 09 2018 01:52:04 GMT+0200 (GMT+02:00) : GET  /fortest
Thu Aug 09 2018 01:53:14 GMT+0200 (GMT+02:00) : GET  /fortest
Thu Aug 09 2018 01:53:24 GMT+0200 (GMT+02:00) : GET  /fortest
Thu Aug 09 2018 01:54:19 GMT+0200 (GMT+02:00) : GET  /fortest
Thu Aug 09 2018 01:55:06 GMT+0200 (GMT+02:00) : GET  /fortest
Thu Aug 09 2018 01:55:17 GMT+0200 (GMT+02:00) : GET  /fortest
Thu Aug 09 2018 01:59:00 GMT+0200 (GMT+02:00) : GET  /fortest
Thu Aug 09 2018 02:01:03 GMT+0200 (GMT+02:00) : GET  /fortest
Thu Aug 09 2018 02:01:09 GMT+0200 (GMT+02:00) : GET  /fortest
Thu Aug 09 2018 02:01:19 GMT+0200 (GMT+02:00) : GET  /fortest
Thu Aug 09 2018 02:01:35 GMT+0200 (GMT+02:00) : GET  /fortest
Thu Aug 09 2018 02:02:46 GMT+0200 (GMT+02:00) : GET  /fortest
Thu Aug 09 2018 02:02:46 GMT+0200 (GMT+02:00) : GET  /fortest
Thu Aug 09 2018 02:04:39 GMT+0200 (GMT+02:00) : GET  /fortest
Thu Aug 09 2018 02:04:40 GMT+0200 (GMT+02:00) : GET  /fortest
Thu Aug 09 2018 02:07:12 GMT+0200 (GMT+02:00) : GET  /fortest
Thu Aug 09 2018 02:07:12 GMT+0200 (GMT+02:00) : GET  /fortest
Thu Aug 09 2018 02:07:41 GMT+0200 (GMT+02:00) : GET  /fortest
Thu Aug 09 2018 02:07:41 GMT+0200 (GMT+02:00) : GET  /fortest
Thu Aug 09 2018 02:07:55 GMT+0200 (GMT+02:00) : GET  /fortest
Thu Aug 09 2018 02:07:55 GMT+0200 (GMT+02:00) : GET  /fortest
Thu Aug 09 2018 02:08:11 GMT+0200 (GMT+02:00) : GET  /fortest
Thu Aug 09 2018 02:08:11 GMT+0200 (GMT+02:00) : GET  /fortest
Thu Aug 09 2018 02:09:20 GMT+0200 (GMT+02:00) : GET  /fortest
Thu Aug 09 2018 02:09:20 GMT+0200 (GMT+02:00) : GET  /fortest
Thu Aug 09 2018 02:09:30 GMT+0200 (GMT+02:00) : GET  /fortest
Thu Aug 09 2018 02:09:30 GMT+0200 (GMT+02:00) : GET  /fortest
Thu Aug 09 2018 02:10:14 GMT+0200 (GMT+02:00) : GET  /fortest
Thu Aug 09 2018 02:10:14 GMT+0200 (GMT+02:00) : GET  /fortest
Thu Aug 09 2018 02:13:43 GMT+0200 (GMT+02:00) : GET  /fortest
Thu Aug 09 2018 02:13:43 GMT+0200 (GMT+02:00) : GET  /fortest
Thu Aug 09 2018 02:14:00 GMT+0200 (GMT+02:00) : GET  /fortest
Thu Aug 09 2018 02:14:00 GMT+0200 (GMT+02:00) : GET  /fortest
Thu Aug 09 2018 02:18:18 GMT+0200 (GMT+02:00) : GET  /fortest
Thu Aug 09 2018 02:18:18 GMT+0200 (GMT+02:00) : GET  /fortest
Thu Aug 09 2018 02:18:32 GMT+0200 (GMT+02:00) : GET  /fortest
Thu Aug 09 2018 02:18:33 GMT+0200 (GMT+02:00) : GET  /fortest
Thu Aug 09 2018 02:26:02 GMT+0200 (GMT+02:00) : GET  /fortest
Thu Aug 09 2018 02:26:02 GMT+0200 (GMT+02:00) : GET  /fortest
Thu Aug 09 2018 02:27:52 GMT+0200 (GMT+02:00) : GET  /fortest
Thu Aug 09 2018 02:27:52 GMT+0200 (GMT+02:00) : GET  /fortest
Thu Aug 09 2018 02:28:33 GMT+0200 (GMT+02:00) : GET  /fortest
Thu Aug 09 2018 02:28:33 GMT+0200 (GMT+02:00) : GET  /fortest
Thu Aug 09 2018 02:29:44 GMT+0200 (GMT+02:00) : GET  /fortest
Thu Aug 09 2018 02:29:44 GMT+0200 (GMT+02:00) : GET  /fortest
Thu Aug 09 2018 02:30:53 GMT+0200 (GMT+02:00) : GET  /fortest
Thu Aug 09 2018 02:30:53 GMT+0200 (GMT+02:00) : GET  /fortest
Thu Aug 09 2018 02:31:05 GMT+0200 (GMT+02:00) : GET  /fortest
Thu Aug 09 2018 02:31:05 GMT+0200 (GMT+02:00) : GET  /fortest
Thu Aug 09 2018 02:31:38 GMT+0200 (GMT+02:00) : GET  /fortest
Thu Aug 09 2018 02:31:38 GMT+0200 (GMT+02:00) : GET  /fortest
Thu Aug 09 2018 15:30:53 GMT+0200 (GMT+02:00) : GET  /fortest
Thu Aug 09 2018 15:31:34 GMT+0200 (GMT+02:00) : GET  /fortest
Thu Aug 09 2018 15:32:10 GMT+0200 (GMT+02:00) : GET  /fortest
Thu Aug 09 2018 15:33:49 GMT+0200 (GMT+02:00) : GET  /fortest
Thu Aug 09 2018 15:34:28 GMT+0200 (GMT+02:00) : GET  /fortest
Thu Aug 09 2018 15:35:06 GMT+0200 (GMT+02:00) : GET  /fortest
Thu Aug 09 2018 17:15:56 GMT+0200 (GMT+02:00) : GET  /fortest
Thu Aug 09 2018 17:17:37 GMT+0200 (GMT+02:00) : GET  /fortest
Thu Aug 09 2018 17:18:03 GMT+0200 (GMT+02:00) : GET  /fortest
Thu Aug 09 2018 17:19:02 GMT+0200 (GMT+02:00) : GET  /fortest
Thu Aug 09 2018 17:19:27 GMT+0200 (GMT+02:00) : GET  /fortest
Thu Aug 09 2018 18:11:00 GMT+0200 (GMT+02:00) : GET  /fortest
Thu Aug 09 2018 18:11:39 GMT+0200 (GMT+02:00) : GET  /fortest
Thu Aug 09 2018 18:11:58 GMT+0200 (GMT+02:00) : GET  /fortest
Thu Aug 09 2018 18:12:57 GMT+0200 (GMT+02:00) : GET  /fortest
Thu Aug 09 2018 18:13:06 GMT+0200 (GMT+02:00) : GET  /fortest
Thu Aug 09 2018 18:13:31 GMT+0200 (GMT+02:00) : GET  /fortest
Thu Aug 09 2018 18:13:49 GMT+0200 (GMT+02:00) : GET  /fortest
Thu Aug 09 2018 18:14:09 GMT+0200 (GMT+02:00) : GET  /fortest
Thu Aug 09 2018 18:14:16 GMT+0200 (GMT+02:00) : GET  /fortest
Thu Aug 09 2018 18:14:25 GMT+0200 (GMT+02:00) : GET  /fortest
Thu Aug 09 2018 22:28:14 GMT+0200 (GMT+02:00) : GET  /fortest
Thu Aug 09 2018 22:45:25 GMT+0200 (GMT+02:00) : GET  /fortest
Thu Aug 09 2018 22:45:38 GMT+0200 (GMT+02:00) : GET  /fortest
Thu Aug 09 2018 22:48:30 GMT+0200 (GMT+02:00) : GET  /fortest
Thu Aug 09 2018 22:49:25 GMT+0200 (GMT+02:00) : GET  /fortest
Thu Aug 09 2018 22:49:40 GMT+0200 (GMT+02:00) : GET  /fortest
Thu Aug 09 2018 22:49:49 GMT+0200 (GMT+02:00) : GET  /fortest
Thu Aug 09 2018 22:49:59 GMT+0200 (GMT+02:00) : GET  /fortest
Thu Aug 09 2018 22:50:24 GMT+0200 (GMT+02:00) : GET  /fortest
Thu Aug 09 2018 22:50:50 GMT+0200 (GMT+02:00) : GET  /fortest
Thu Aug 09 2018 22:51:26 GMT+0200 (GMT+02:00) : GET  /fortest
Thu Aug 09 2018 22:52:18 GMT+0200 (GMT+02:00) : GET  /fortest
Thu Aug 09 2018 22:54:41 GMT+0200 (GMT+02:00) : GET  /fortest
Thu Aug 09 2018 22:54:49 GMT+0200 (GMT+02:00) : GET  /fortest
Thu Aug 09 2018 22:54:58 GMT+0200 (GMT+02:00) : GET  /fortest
Thu Aug 09 2018 22:55:27 GMT+0200 (GMT+02:00) : GET  /fortest
Thu Aug 09 2018 22:55:40 GMT+0200 (GMT+02:00) : GET  /fortest
Thu Aug 09 2018 22:56:02 GMT+0200 (GMT+02:00) : GET  /fortest
Thu Aug 09 2018 23:03:19 GMT+0200 (GMT+02:00) : GET  /fortest
Thu Aug 09 2018 23:04:03 GMT+0200 (GMT+02:00) : GET  /fortest
Thu Aug 09 2018 23:04:30 GMT+0200 (GMT+02:00) : GET  /fortest
Thu Aug 09 2018 23:04:38 GMT+0200 (GMT+02:00) : GET  /fortest
Thu Aug 09 2018 23:04:59 GMT+0200 (GMT+02:00) : GET  /fortest
Thu Aug 09 2018 23:05:16 GMT+0200 (GMT+02:00) : GET  /fortest
Thu Aug 09 2018 23:06:05 GMT+0200 (GMT+02:00) : GET  /fortest
Thu Aug 09 2018 23:07:10 GMT+0200 (GMT+02:00) : GET  /fortest
Thu Aug 09 2018 23:07:21 GMT+0200 (GMT+02:00) : GET  /fortest
Thu Aug 09 2018 23:08:07 GMT+0200 (GMT+02:00) : GET  /fortest
Thu Aug 09 2018 23:08:27 GMT+0200 (GMT+02:00) : GET  /fortest
Thu Aug 09 2018 23:08:34 GMT+0200 (GMT+02:00) : GET  /fortest
Thu Aug 09 2018 23:26:08 GMT+0200 (GMT+02:00) : GET  /fortest
Thu Aug 09 2018 23:26:17 GMT+0200 (GMT+02:00) : GET  /fortest
Thu Aug 09 2018 23:26:41 GMT+0200 (GMT+02:00) : GET  /fortest
Thu Aug 09 2018 23:27:34 GMT+0200 (GMT+02:00) : GET  /fortest
Thu Aug 09 2018 23:28:39 GMT+0200 (GMT+02:00) : GET  /fortest
Thu Aug 09 2018 23:28:48 GMT+0200 (GMT+02:00) : GET  /fortest
Thu Aug 09 2018 23:29:03 GMT+0200 (GMT+02:00) : GET  /fortest
Thu Aug 09 2018 23:29:16 GMT+0200 (GMT+02:00) : GET  /fortest
Thu Aug 09 2018 23:29:55 GMT+0200 (GMT+02:00) : GET  /fortest
Thu Aug 09 2018 23:31:22 GMT+0200 (GMT+02:00) : GET  /fortest
Thu Aug 09 2018 23:33:52 GMT+0200 (GMT+02:00) : GET  /fortest
Thu Aug 09 2018 23:35:19 GMT+0200 (GMT+02:00) : GET  /fortest
Thu Aug 09 2018 23:37:21 GMT+0200 (GMT+02:00) : GET  /fortest
Thu Aug 09 2018 23:38:17 GMT+0200 (GMT+02:00) : GET  /fortest
Thu Aug 09 2018 23:38:37 GMT+0200 (GMT+02:00) : GET  /fortest
Thu Aug 09 2018 23:39:23 GMT+0200 (GMT+02:00) : GET  /fortest
Thu Aug 09 2018 23:42:32 GMT+0200 (GMT+02:00) : GET  /fortest
Thu Aug 09 2018 23:42:50 GMT+0200 (GMT+02:00) : GET  /fortest
Thu Aug 09 2018 23:44:00 GMT+0200 (GMT+02:00) : GET  /fortest
Thu Aug 09 2018 23:44:31 GMT+0200 (GMT+02:00) : GET  /fortest
Thu Aug 09 2018 23:55:22 GMT+0200 (GMT+02:00) : GET  /fortest
Thu Aug 09 2018 23:55:35 GMT+0200 (GMT+02:00) : GET  /fortest
Fri Aug 10 2018 00:01:01 GMT+0200 (GMT+02:00) : GET  /fortest
Fri Aug 10 2018 00:03:38 GMT+0200 (GMT+02:00) : GET  /fortest
Fri Aug 10 2018 00:05:05 GMT+0200 (GMT+02:00) : GET  /fortest
Fri Aug 10 2018 00:05:27 GMT+0200 (GMT+02:00) : GET  /fortest
Fri Aug 10 2018 00:14:20 GMT+0200 (GMT+02:00) : GET  /fortest
Fri Aug 10 2018 00:14:55 GMT+0200 (GMT+02:00) : GET  /fortest
Fri Aug 10 2018 00:15:54 GMT+0200 (GMT+02:00) : GET  /fortest
Fri Aug 10 2018 00:17:29 GMT+0200 (GMT+02:00) : GET  /fortest
Fri Aug 10 2018 00:17:44 GMT+0200 (GMT+02:00) : GET  /fortest
Fri Aug 10 2018 00:18:50 GMT+0200 (GMT+02:00) : GET  /fortest
